Arguments: 
  /usr/local/bin/node /usr/local/Cellar/yarn/1.1.0/libexec/bin/yarn.js add cross-env

PATH: 
  /usr/local/bin:/usr/bin:/bin:/usr/sbin:/sbin

Yarn version: 
  1.1.0

Node version: 
  8.11.1

Platform: 
  darwin x64

npm manifest: 
  {
      "name": "node",
      "version": "1.0.0",
      "main": "index.js",
      "license": "MIT"
  }

yarn manifest: 
  No manifest

Lockfile: 
  No lockfile

Trace: 
  Error: http://npm.1024.team/cross-env: ETIMEDOUT
      at Timeout._onTimeout (/usr/local/Cellar/yarn/1.1.0/libexec/lib/cli.js:122581:19)
      at ontimeout (timers.js:482:11)
      at tryOnTimeout (timers.js:317:5)
      at Timer.listOnTimeout (timers.js:277:5)
